#! /usr/share/iverilog-0.10.0/bin/vvp
:ivl_version "0.10.0 (devel)" "(v0_9_6)";
:ivl_delay_selection "TYPICAL";
:vpi_time_precision - 12;
:vpi_module "system";
:vpi_module "vhdl_sys";
:vpi_module "v2005_math";
:vpi_module "va_math";
:vpi_module "v2009";
S_0x11c67c0 .scope module, "tb_reg_mem" "tb_reg_mem" 2 5;
 .timescale -9 -12;
P_0x11c6b50 .param/l "ADDR_BITS" 0 2 8, +C4<0101>;
P_0x11c6b90 .param/l "DATA_WIDTH" 0 2 7, +C4<01000>;
v0x11de6a0_0 .var "addr", 4 0;
v0x11de780_0 .var "clk", 0 0;
v0x11de850_0 .var "data_in", 7 0;
v0x11de950_0 .net "data_out", 7 0, v0x11de350_0;  1 drivers
v0x11dea20_0 .var "wen", 0 0;
S_0x11c37b0 .scope begin, "$ivl_for_loop0" "$ivl_for_loop0" 2 28, 2 28 0, S_0x11c67c0;
 .timescale -9 -12;
v0x11c3980_0 .var/2s "i", 31 0;
S_0x11dd950 .scope begin, "$ivl_for_loop1" "$ivl_for_loop1" 2 38, 2 38 0, S_0x11c67c0;
 .timescale -9 -12;
v0x11ddb40_0 .var/2s "i", 31 0;
S_0x11ddc20 .scope module, "RM" "reg_mem" 2 16, 3 4 0, S_0x11c67c0;
 .timescale -9 -12;
    .port_info 0 /INPUT 5 "addr"
    .port_info 1 /INPUT 8 "data_in"
    .port_info 2 /INPUT 1 "wen"
    .port_info 3 /INPUT 1 "clk"
    .port_info 4 /OUTPUT 8 "data_out"
P_0x11dde20 .param/l "ADDR_BITS" 0 3 7, +C4<0101>;
P_0x11dde60 .param/l "DATA_WIDTH" 0 3 6, +C4<01000>;
v0x11de0a0_0 .net "addr", 4 0, v0x11de6a0_0;  1 drivers
v0x11de1a0_0 .net "clk", 0 0, v0x11de780_0;  1 drivers
v0x11de260_0 .net "data_in", 7 0, v0x11de850_0;  1 drivers
v0x11de350_0 .var "data_out", 7 0;
v0x11de430 .array "mem_array", 0 31, 7 0;
v0x11de540_0 .net "wen", 0 0, v0x11dea20_0;  1 drivers
E_0x11de040 .event posedge, v0x11de1a0_0;
    .scope S_0x11ddc20;
T_0 ;
    %wait E_0x11de040;
    %load/v 8, v0x11de540_0, 1;
    %jmp/0xz  T_0.0, 8;
    %load/v 8, v0x11de260_0, 8;
    %load/v 16, v0x11de0a0_0, 5;
    %pad 21, 0, 2;
    %ix/get 3, 16, 7;
    %jmp/1 t_0, 4;
    %ix/load 1, 0, 0; part off
    %ix/load 0, 8, 0; word width
    %assign/av v0x11de430, 0, 8;
t_0 ;
    %ix/load 0, 8, 0;
    %assign/v0 v0x11de350_0, 8000, 0;
    %jmp T_0.1;
T_0.0 ;
    %load/v 16, v0x11de0a0_0, 5;
    %pad 21, 0, 2;
    %ix/get 3, 16, 7;
    %load/av 8, v0x11de430, 8;
    %ix/load 0, 8, 0;
    %assign/v0 v0x11de350_0, 0, 8;
T_0.1 ;
    %jmp T_0;
    .thread T_0;
    .scope S_0x11c67c0;
T_1 ;
    %vpi_call/w 2 20 "$dumpfile", "dump.vcd" {0 0};
    %vpi_call/w 2 21 "$dumpvars", 2'sb01, S_0x11c67c0 {0 0};
    %set/v v0x11de780_0, 0, 1;
    %set/v v0x11dea20_0, 1, 1;
    %fork t_2, S_0x11c37b0;
    %jmp t_1;
    .scope S_0x11c37b0;
t_2 ;
    %movi 8, 10, 32;
    %set/v v0x11c3980_0, 8, 32;
T_1.0 ;
    %load/v 8, v0x11c3980_0, 32;
    %ix/get/s 4, 8, 32;
    %ix/load 5, 42, 0;
    %cmp/ws 4, 5;
    %mov 8, 5, 1;
    %jmp/0xz T_1.1, 8;
    %load/v 8, v0x11c3980_0, 32;
    %set/v v0x11de850_0, 8, 8;
    %ix/load 0, 2, 0;
    %load/vp0/s 8, v0x11c3980_0, 32;
    %set/v v0x11de6a0_0, 8, 5;
    %vpi_call/w 2 32 "$display", "Write %d to address %d", v0x11de850_0, v0x11de6a0_0 {0 0};
    %movi 8, 2, 3;
T_1.2 %cmp/s 0, 8, 3;
    %jmp/0xz T_1.3, 5;
    %add 8, 1, 3;
    %delay 1000, 0;
    %load/v 11, v0x11de780_0, 1;
    %inv 11, 1;
    %set/v v0x11de780_0, 11, 1;
    %jmp T_1.2;
T_1.3 ;
    %ix/load 0, 1, 0;
    %load/vp0/s 8, v0x11c3980_0, 32;
    %cast2 8, 8, 32;
    %set/v v0x11c3980_0, 8, 32;
    %jmp T_1.0;
T_1.1 ;
    %end;
    .scope S_0x11c67c0;
t_1 %join;
    %set/v v0x11dea20_0, 0, 1;
    %delay 1000, 0;
    %fork t_4, S_0x11dd950;
    %jmp t_3;
    .scope S_0x11dd950;
t_4 ;
    %movi 8, 10, 32;
    %set/v v0x11ddb40_0, 8, 32;
T_1.4 ;
    %load/v 8, v0x11ddb40_0, 32;
    %ix/get/s 4, 8, 32;
    %ix/load 5, 42, 0;
    %cmp/ws 4, 5;
    %mov 8, 5, 1;
    %jmp/0xz T_1.5, 8;
    %load/v 8, v0x11ddb40_0, 32;
    %set/v v0x11de850_0, 8, 8;
    %ix/load 0, 2, 0;
    %load/vp0/s 8, v0x11ddb40_0, 32;
    %set/v v0x11de6a0_0, 8, 5;
    %vpi_call/w 2 42 "$display", "Read %d from address %d", v0x11de850_0, v0x11de6a0_0 {0 0};
    %movi 8, 2, 3;
T_1.6 %cmp/s 0, 8, 3;
    %jmp/0xz T_1.7, 5;
    %add 8, 1, 3;
    %delay 1000, 0;
    %load/v 11, v0x11de780_0, 1;
    %inv 11, 1;
    %set/v v0x11de780_0, 11, 1;
    %jmp T_1.6;
T_1.7 ;
    %ix/load 0, 1, 0;
    %load/vp0/s 8, v0x11ddb40_0, 32;
    %cast2 8, 8, 32;
    %set/v v0x11ddb40_0, 8, 32;
    %jmp T_1.4;
T_1.5 ;
    %end;
    .scope S_0x11c67c0;
t_3 %join;
    %end;
    .thread T_1;
# The file index is used to find the file name in the following table.
:file_names 4;
    "N/A";
    "<interactive>";
    "testbench.sv";
    "design.sv";
